[2023-11-07T02:23:39.177+0000] {manager.py:487} INFO - Processing files using up to 2 processes at a time 
[2023-11-07T02:23:39.177+0000] {manager.py:488} INFO - Process each file at most once every 30 seconds
[2023-11-07T02:23:39.178+0000] {manager.py:489} INFO - Checking for new files in /opt/airflow/dags every 30 seconds
[2023-11-07T02:23:39.178+0000] {manager.py:755} INFO - Searching for files in /opt/airflow/dags
[2023-11-07T02:23:39.180+0000] {manager.py:758} INFO - There are 0 files in /opt/airflow/dags
[2023-11-07T02:24:09.358+0000] {manager.py:755} INFO - Searching for files in /opt/airflow/dags
[2023-11-07T02:24:09.359+0000] {manager.py:758} INFO - There are 0 files in /opt/airflow/dags
[2023-11-07T02:24:39.493+0000] {manager.py:755} INFO - Searching for files in /opt/airflow/dags
[2023-11-07T02:24:39.494+0000] {manager.py:758} INFO - There are 0 files in /opt/airflow/dags
[2023-11-07T02:25:09.627+0000] {manager.py:755} INFO - Searching for files in /opt/airflow/dags
[2023-11-07T02:25:09.627+0000] {manager.py:758} INFO - There are 0 files in /opt/airflow/dags
[2023-11-07T02:25:39.760+0000] {manager.py:755} INFO - Searching for files in /opt/airflow/dags
[2023-11-07T02:25:39.760+0000] {manager.py:758} INFO - There are 0 files in /opt/airflow/dags
[2023-11-07T02:26:09.890+0000] {manager.py:755} INFO - Searching for files in /opt/airflow/dags
[2023-11-07T02:26:09.890+0000] {manager.py:758} INFO - There are 0 files in /opt/airflow/dags
[2023-11-07T02:26:40.021+0000] {manager.py:755} INFO - Searching for files in /opt/airflow/dags
[2023-11-07T02:26:40.022+0000] {manager.py:758} INFO - There are 0 files in /opt/airflow/dags
[2023-11-07T02:27:10.161+0000] {manager.py:755} INFO - Searching for files in /opt/airflow/dags
[2023-11-07T02:27:10.161+0000] {manager.py:758} INFO - There are 0 files in /opt/airflow/dags
[2023-11-07T02:27:40.297+0000] {manager.py:755} INFO - Searching for files in /opt/airflow/dags
[2023-11-07T02:27:40.298+0000] {manager.py:758} INFO - There are 0 files in /opt/airflow/dags
[2023-11-07T02:28:10.428+0000] {manager.py:755} INFO - Searching for files in /opt/airflow/dags
[2023-11-07T02:28:10.429+0000] {manager.py:758} INFO - There are 0 files in /opt/airflow/dags
[2023-11-07T02:28:40.566+0000] {manager.py:755} INFO - Searching for files in /opt/airflow/dags
[2023-11-07T02:28:40.567+0000] {manager.py:758} INFO - There are 0 files in /opt/airflow/dags
[2023-11-07T02:29:10.704+0000] {manager.py:755} INFO - Searching for files in /opt/airflow/dags
[2023-11-07T02:29:10.705+0000] {manager.py:758} INFO - There are 0 files in /opt/airflow/dags
[2023-11-07T02:29:40.841+0000] {manager.py:755} INFO - Searching for files in /opt/airflow/dags
[2023-11-07T02:29:40.842+0000] {manager.py:758} INFO - There are 0 files in /opt/airflow/dags
[2023-11-07T02:30:10.972+0000] {manager.py:755} INFO - Searching for files in /opt/airflow/dags
[2023-11-07T02:30:10.972+0000] {manager.py:758} INFO - There are 0 files in /opt/airflow/dags
[2023-11-07T02:30:41.105+0000] {manager.py:755} INFO - Searching for files in /opt/airflow/dags
[2023-11-07T02:30:41.105+0000] {manager.py:758} INFO - There are 0 files in /opt/airflow/dags
[2023-11-07T02:31:11.235+0000] {manager.py:755} INFO - Searching for files in /opt/airflow/dags
[2023-11-07T02:31:11.236+0000] {manager.py:758} INFO - There are 0 files in /opt/airflow/dags
[2023-11-07T02:31:24.367+0000] {manager.py:469} INFO - Exiting gracefully upon receiving signal 15
[2023-11-07T02:50:59.881+0000] {manager.py:487} INFO - Processing files using up to 2 processes at a time 
[2023-11-07T02:50:59.887+0000] {manager.py:488} INFO - Process each file at most once every 30 seconds
[2023-11-07T02:50:59.887+0000] {manager.py:489} INFO - Checking for new files in /opt/airflow/dags every 30 seconds
[2023-11-07T02:50:59.888+0000] {manager.py:755} INFO - Searching for files in /opt/airflow/dags
[2023-11-07T02:50:59.889+0000] {manager.py:758} INFO - There are 0 files in /opt/airflow/dags
[2023-11-07T02:51:30.046+0000] {manager.py:755} INFO - Searching for files in /opt/airflow/dags
[2023-11-07T02:51:30.047+0000] {manager.py:758} INFO - There are 0 files in /opt/airflow/dags
[2023-11-07T02:52:00.174+0000] {manager.py:755} INFO - Searching for files in /opt/airflow/dags
[2023-11-07T02:52:00.174+0000] {manager.py:758} INFO - There are 0 files in /opt/airflow/dags
[2023-11-07T02:52:30.307+0000] {manager.py:755} INFO - Searching for files in /opt/airflow/dags
[2023-11-07T02:52:30.308+0000] {manager.py:758} INFO - There are 0 files in /opt/airflow/dags
[2023-11-07T02:53:00.446+0000] {manager.py:755} INFO - Searching for files in /opt/airflow/dags
[2023-11-07T02:53:00.446+0000] {manager.py:758} INFO - There are 0 files in /opt/airflow/dags
[2023-11-07T02:53:30.584+0000] {manager.py:755} INFO - Searching for files in /opt/airflow/dags
[2023-11-07T02:53:30.584+0000] {manager.py:758} INFO - There are 0 files in /opt/airflow/dags
[2023-11-07T02:54:00.714+0000] {manager.py:755} INFO - Searching for files in /opt/airflow/dags
[2023-11-07T02:54:00.715+0000] {manager.py:758} INFO - There are 0 files in /opt/airflow/dags
[2023-11-07T02:54:30.851+0000] {manager.py:755} INFO - Searching for files in /opt/airflow/dags
[2023-11-07T02:54:30.851+0000] {manager.py:758} INFO - There are 0 files in /opt/airflow/dags
[2023-11-07T02:55:00.996+0000] {manager.py:755} INFO - Searching for files in /opt/airflow/dags
[2023-11-07T02:55:00.996+0000] {manager.py:758} INFO - There are 0 files in /opt/airflow/dags
[2023-11-07T02:55:31.128+0000] {manager.py:755} INFO - Searching for files in /opt/airflow/dags
[2023-11-07T02:55:31.129+0000] {manager.py:758} INFO - There are 0 files in /opt/airflow/dags
[2023-11-07T02:56:01.261+0000] {manager.py:755} INFO - Searching for files in /opt/airflow/dags
[2023-11-07T02:56:01.262+0000] {manager.py:758} INFO - There are 0 files in /opt/airflow/dags
[2023-11-07T02:56:31.391+0000] {manager.py:755} INFO - Searching for files in /opt/airflow/dags
[2023-11-07T02:56:31.392+0000] {manager.py:758} INFO - There are 0 files in /opt/airflow/dags
[2023-11-07T02:57:01.518+0000] {manager.py:755} INFO - Searching for files in /opt/airflow/dags
[2023-11-07T02:57:01.519+0000] {manager.py:758} INFO - There are 0 files in /opt/airflow/dags
[2023-11-07T02:57:31.649+0000] {manager.py:755} INFO - Searching for files in /opt/airflow/dags
[2023-11-07T02:57:31.650+0000] {manager.py:758} INFO - There are 0 files in /opt/airflow/dags
[2023-11-07T02:58:01.784+0000] {manager.py:755} INFO - Searching for files in /opt/airflow/dags
[2023-11-07T02:58:01.784+0000] {manager.py:758} INFO - There are 0 files in /opt/airflow/dags
[2023-11-07T02:58:31.911+0000] {manager.py:755} INFO - Searching for files in /opt/airflow/dags
[2023-11-07T02:58:31.912+0000] {manager.py:758} INFO - There are 0 files in /opt/airflow/dags
[2023-11-07T02:59:02.045+0000] {manager.py:755} INFO - Searching for files in /opt/airflow/dags
[2023-11-07T02:59:02.045+0000] {manager.py:758} INFO - There are 0 files in /opt/airflow/dags
[2023-11-07T02:59:32.172+0000] {manager.py:755} INFO - Searching for files in /opt/airflow/dags
[2023-11-07T02:59:32.172+0000] {manager.py:758} INFO - There are 0 files in /opt/airflow/dags
[2023-11-07T03:00:02.309+0000] {manager.py:755} INFO - Searching for files in /opt/airflow/dags
[2023-11-07T03:00:02.309+0000] {manager.py:758} INFO - There are 0 files in /opt/airflow/dags
[2023-11-07T03:00:32.446+0000] {manager.py:755} INFO - Searching for files in /opt/airflow/dags
[2023-11-07T03:00:32.447+0000] {manager.py:758} INFO - There are 0 files in /opt/airflow/dags
[2023-11-07T03:01:02.580+0000] {manager.py:755} INFO - Searching for files in /opt/airflow/dags
[2023-11-07T03:01:02.580+0000] {manager.py:758} INFO - There are 0 files in /opt/airflow/dags
[2023-11-07T03:01:32.716+0000] {manager.py:755} INFO - Searching for files in /opt/airflow/dags
[2023-11-07T03:01:32.717+0000] {manager.py:758} INFO - There are 0 files in /opt/airflow/dags
[2023-11-07T03:02:02.854+0000] {manager.py:755} INFO - Searching for files in /opt/airflow/dags
[2023-11-07T03:02:02.854+0000] {manager.py:758} INFO - There are 0 files in /opt/airflow/dags
[2023-11-07T03:02:32.993+0000] {manager.py:755} INFO - Searching for files in /opt/airflow/dags
[2023-11-07T03:02:32.994+0000] {manager.py:758} INFO - There are 0 files in /opt/airflow/dags
[2023-11-07T03:03:03.134+0000] {manager.py:755} INFO - Searching for files in /opt/airflow/dags
[2023-11-07T03:03:03.135+0000] {manager.py:758} INFO - There are 0 files in /opt/airflow/dags
[2023-11-07T03:03:33.268+0000] {manager.py:755} INFO - Searching for files in /opt/airflow/dags
[2023-11-07T03:03:33.269+0000] {manager.py:758} INFO - There are 0 files in /opt/airflow/dags
[2023-11-07T03:04:03.405+0000] {manager.py:755} INFO - Searching for files in /opt/airflow/dags
[2023-11-07T03:04:03.406+0000] {manager.py:758} INFO - There are 0 files in /opt/airflow/dags
[2023-11-07T03:04:33.536+0000] {manager.py:755} INFO - Searching for files in /opt/airflow/dags
[2023-11-07T03:04:33.537+0000] {manager.py:758} INFO - There are 0 files in /opt/airflow/dags
[2023-11-07T03:05:03.680+0000] {manager.py:755} INFO - Searching for files in /opt/airflow/dags
[2023-11-07T03:05:03.681+0000] {manager.py:758} INFO - There are 0 files in /opt/airflow/dags
[2023-11-07T03:05:33.816+0000] {manager.py:755} INFO - Searching for files in /opt/airflow/dags
[2023-11-07T03:05:33.817+0000] {manager.py:758} INFO - There are 0 files in /opt/airflow/dags
[2023-11-07T03:06:03.952+0000] {manager.py:755} INFO - Searching for files in /opt/airflow/dags
[2023-11-07T03:06:03.953+0000] {manager.py:758} INFO - There are 0 files in /opt/airflow/dags
[2023-11-07T03:06:34.086+0000] {manager.py:755} INFO - Searching for files in /opt/airflow/dags
[2023-11-07T03:06:34.087+0000] {manager.py:758} INFO - There are 0 files in /opt/airflow/dags
[2023-11-07T03:07:04.221+0000] {manager.py:755} INFO - Searching for files in /opt/airflow/dags
[2023-11-07T03:07:04.222+0000] {manager.py:758} INFO - There are 0 files in /opt/airflow/dags
[2023-11-07T03:07:34.353+0000] {manager.py:755} INFO - Searching for files in /opt/airflow/dags
[2023-11-07T03:07:34.354+0000] {manager.py:758} INFO - There are 0 files in /opt/airflow/dags
[2023-11-07T03:08:04.485+0000] {manager.py:755} INFO - Searching for files in /opt/airflow/dags
[2023-11-07T03:08:04.486+0000] {manager.py:758} INFO - There are 0 files in /opt/airflow/dags
[2023-11-07T03:08:34.613+0000] {manager.py:755} INFO - Searching for files in /opt/airflow/dags
[2023-11-07T03:08:34.613+0000] {manager.py:758} INFO - There are 0 files in /opt/airflow/dags
[2023-11-07T03:09:04.750+0000] {manager.py:755} INFO - Searching for files in /opt/airflow/dags
[2023-11-07T03:09:04.750+0000] {manager.py:758} INFO - There are 0 files in /opt/airflow/dags
[2023-11-07T03:09:34.884+0000] {manager.py:755} INFO - Searching for files in /opt/airflow/dags
[2023-11-07T03:09:34.885+0000] {manager.py:758} INFO - There are 0 files in /opt/airflow/dags
[2023-11-07T03:10:05.018+0000] {manager.py:755} INFO - Searching for files in /opt/airflow/dags
[2023-11-07T03:10:05.018+0000] {manager.py:758} INFO - There are 0 files in /opt/airflow/dags
[2023-11-07T03:10:35.155+0000] {manager.py:755} INFO - Searching for files in /opt/airflow/dags
[2023-11-07T03:10:35.155+0000] {manager.py:758} INFO - There are 0 files in /opt/airflow/dags
[2023-11-07T03:11:05.294+0000] {manager.py:755} INFO - Searching for files in /opt/airflow/dags
[2023-11-07T03:11:05.295+0000] {manager.py:758} INFO - There are 0 files in /opt/airflow/dags
[2023-11-07T03:11:35.429+0000] {manager.py:755} INFO - Searching for files in /opt/airflow/dags
[2023-11-07T03:11:35.430+0000] {manager.py:758} INFO - There are 0 files in /opt/airflow/dags
[2023-11-07T03:12:05.561+0000] {manager.py:755} INFO - Searching for files in /opt/airflow/dags
[2023-11-07T03:12:05.562+0000] {manager.py:758} INFO - There are 0 files in /opt/airflow/dags
[2023-11-07T03:12:35.696+0000] {manager.py:755} INFO - Searching for files in /opt/airflow/dags
[2023-11-07T03:12:35.696+0000] {manager.py:758} INFO - There are 0 files in /opt/airflow/dags
[2023-11-07T03:13:05.830+0000] {manager.py:755} INFO - Searching for files in /opt/airflow/dags
[2023-11-07T03:13:05.830+0000] {manager.py:758} INFO - There are 0 files in /opt/airflow/dags
[2023-11-07T03:13:35.966+0000] {manager.py:755} INFO - Searching for files in /opt/airflow/dags
[2023-11-07T03:13:35.967+0000] {manager.py:758} INFO - There are 0 files in /opt/airflow/dags
[2023-11-07T03:14:06.106+0000] {manager.py:755} INFO - Searching for files in /opt/airflow/dags
[2023-11-07T03:14:06.106+0000] {manager.py:758} INFO - There are 0 files in /opt/airflow/dags
[2023-11-07T03:14:36.234+0000] {manager.py:755} INFO - Searching for files in /opt/airflow/dags
[2023-11-07T03:14:36.235+0000] {manager.py:758} INFO - There are 0 files in /opt/airflow/dags
[2023-11-07T03:15:06.369+0000] {manager.py:755} INFO - Searching for files in /opt/airflow/dags
[2023-11-07T03:15:06.370+0000] {manager.py:758} INFO - There are 0 files in /opt/airflow/dags
[2023-11-07T03:15:36.506+0000] {manager.py:755} INFO - Searching for files in /opt/airflow/dags
[2023-11-07T03:15:36.507+0000] {manager.py:758} INFO - There are 0 files in /opt/airflow/dags
[2023-11-07T03:16:06.642+0000] {manager.py:755} INFO - Searching for files in /opt/airflow/dags
[2023-11-07T03:16:06.643+0000] {manager.py:758} INFO - There are 0 files in /opt/airflow/dags
[2023-11-07T03:16:36.774+0000] {manager.py:755} INFO - Searching for files in /opt/airflow/dags
[2023-11-07T03:16:36.774+0000] {manager.py:758} INFO - There are 0 files in /opt/airflow/dags
[2023-11-07T03:17:06.912+0000] {manager.py:755} INFO - Searching for files in /opt/airflow/dags
[2023-11-07T03:17:06.913+0000] {manager.py:758} INFO - There are 0 files in /opt/airflow/dags
[2023-11-07T03:17:37.051+0000] {manager.py:755} INFO - Searching for files in /opt/airflow/dags
[2023-11-07T03:17:37.051+0000] {manager.py:758} INFO - There are 0 files in /opt/airflow/dags
[2023-11-07T03:18:07.190+0000] {manager.py:755} INFO - Searching for files in /opt/airflow/dags
[2023-11-07T03:18:07.191+0000] {manager.py:758} INFO - There are 0 files in /opt/airflow/dags
[2023-11-07T03:18:37.324+0000] {manager.py:755} INFO - Searching for files in /opt/airflow/dags
[2023-11-07T03:18:37.325+0000] {manager.py:758} INFO - There are 0 files in /opt/airflow/dags
[2023-11-07T03:19:07.462+0000] {manager.py:755} INFO - Searching for files in /opt/airflow/dags
[2023-11-07T03:19:07.462+0000] {manager.py:758} INFO - There are 0 files in /opt/airflow/dags
[2023-11-07T03:19:37.597+0000] {manager.py:755} INFO - Searching for files in /opt/airflow/dags
[2023-11-07T03:19:37.598+0000] {manager.py:758} INFO - There are 0 files in /opt/airflow/dags
[2023-11-07T03:20:07.735+0000] {manager.py:755} INFO - Searching for files in /opt/airflow/dags
[2023-11-07T03:20:07.736+0000] {manager.py:758} INFO - There are 0 files in /opt/airflow/dags
[2023-11-07T03:20:37.871+0000] {manager.py:755} INFO - Searching for files in /opt/airflow/dags
[2023-11-07T03:20:37.872+0000] {manager.py:758} INFO - There are 0 files in /opt/airflow/dags
[2023-11-07T03:21:03.044+0000] {manager.py:469} INFO - Exiting gracefully upon receiving signal 15
